[2024-05-15T07:34:24.897+0000] {local_task_job_runner.py:120} INFO - ::group::Pre task execution logs
[2024-05-15T07:34:24.930+0000] {taskinstance.py:2073} INFO - Dependencies all met for dep_context=non-requeueable deps ti=<TaskInstance: fetch_and_parse_cris_data.parse_cris_data scheduled__2024-05-09T09:00:00+00:00 [queued]>
[2024-05-15T07:34:24.942+0000] {taskinstance.py:2073} INFO - Dependencies all met for dep_context=requeueable deps ti=<TaskInstance: fetch_and_parse_cris_data.parse_cris_data scheduled__2024-05-09T09:00:00+00:00 [queued]>
[2024-05-15T07:34:24.943+0000] {taskinstance.py:2303} INFO - Starting attempt 2 of 2
[2024-05-15T07:34:24.967+0000] {taskinstance.py:2327} INFO - Executing <Task(PythonOperator): parse_cris_data> on 2024-05-09 09:00:00+00:00
[2024-05-15T07:34:24.977+0000] {warnings.py:110} WARNING - /home/***/.local/lib/python3.12/site-packages/***/task/task_runner/standard_task_runner.py:61: DeprecationWarning: This process (pid=1223) is multi-threaded, use of fork() may lead to deadlocks in the child.
  pid = os.fork()

[2024-05-15T07:34:24.979+0000] {standard_task_runner.py:63} INFO - Started process 1232 to run task
[2024-05-15T07:34:24.979+0000] {standard_task_runner.py:90} INFO - Running: ['***', 'tasks', 'run', 'fetch_and_parse_cris_data', 'parse_cris_data', 'scheduled__2024-05-09T09:00:00+00:00', '--job-id', '2235', '--raw', '--subdir', 'DAGS_FOLDER/cris.py', '--cfg-path', '/tmp/tmplu6xm_wj']
[2024-05-15T07:34:24.982+0000] {standard_task_runner.py:91} INFO - Job 2235: Subtask parse_cris_data
[2024-05-15T07:34:25.041+0000] {task_command.py:426} INFO - Running <TaskInstance: fetch_and_parse_cris_data.parse_cris_data scheduled__2024-05-09T09:00:00+00:00 [running]> on host e8691f41e037
[2024-05-15T07:34:25.167+0000] {taskinstance.py:2644} INFO - Exporting env vars: AIRFLOW_CTX_DAG_OWNER='***' AIRFLOW_CTX_DAG_ID='fetch_and_parse_cris_data' AIRFLOW_CTX_TASK_ID='parse_cris_data' AIRFLOW_CTX_EXECUTION_DATE='2024-05-09T09:00:00+00:00' AIRFLOW_CTX_TRY_NUMBER='2' AIRFLOW_CTX_DAG_RUN_ID='scheduled__2024-05-09T09:00:00+00:00'
[2024-05-15T07:34:25.170+0000] {taskinstance.py:430} INFO - ::endgroup::
[2024-05-15T07:34:25.172+0000] {taskinstance.py:441} INFO - ::group::Post task execution logs
[2024-05-15T07:34:25.173+0000] {taskinstance.py:2890} ERROR - Task failed with exception
Traceback (most recent call last):
  File "/home/airflow/.local/lib/python3.12/site-packages/airflow/models/taskinstance.py", line 465, in _execute_task
    result = _execute_callable(context=context, **execute_callable_kwargs)
             ^^^^^^^^^^^^^^^^^^^^^^^^^^^^^^^^^^^^^^^^^^^^^^^^^^^^^^^^^^^^^
  File "/home/airflow/.local/lib/python3.12/site-packages/airflow/models/taskinstance.py", line 432, in _execute_callable
    return execute_callable(context=context, **execute_callable_kwargs)
           ^^^^^^^^^^^^^^^^^^^^^^^^^^^^^^^^^^^^^^^^^^^^^^^^^^^^^^^^^^^^
  File "/home/airflow/.local/lib/python3.12/site-packages/airflow/models/baseoperator.py", line 400, in wrapper
    return func(self, *args, **kwargs)
           ^^^^^^^^^^^^^^^^^^^^^^^^^^^
  File "/home/airflow/.local/lib/python3.12/site-packages/airflow/operators/python.py", line 235, in execute
    return_value = self.execute_callable()
                   ^^^^^^^^^^^^^^^^^^^^^^^
  File "/home/airflow/.local/lib/python3.12/site-packages/airflow/operators/python.py", line 252, in execute_callable
    return self.python_callable(*self.op_args, **self.op_kwargs)
           ^^^^^^^^^^^^^^^^^^^^^^^^^^^^^^^^^^^^^^^^^^^^^^^^^^^^^
TypeError: parse_cris_data_and_save() missing 1 required positional argument: 'data'
[2024-05-15T07:34:25.187+0000] {taskinstance.py:1205} INFO - Marking task as FAILED. dag_id=fetch_and_parse_cris_data, task_id=parse_cris_data, execution_date=20240509T090000, start_date=20240515T073424, end_date=20240515T073425
[2024-05-15T07:34:25.212+0000] {standard_task_runner.py:110} ERROR - Failed to execute job 2235 for task parse_cris_data (parse_cris_data_and_save() missing 1 required positional argument: 'data'; 1232)
[2024-05-15T07:34:25.235+0000] {local_task_job_runner.py:240} INFO - Task exited with return code 1
[2024-05-15T07:34:25.270+0000] {taskinstance.py:3482} INFO - 0 downstream tasks scheduled from follow-on schedule check
[2024-05-15T07:34:25.276+0000] {local_task_job_runner.py:222} INFO - ::endgroup::
